2025-08-01 00:48:05 DEBUG com.zaxxer.hikari.HikariConfig - Driver class com.mysql.cj.jdbc.Driver found in Thread context class loader TomcatEmbeddedWebappClassLoader
  context: ROOT
  delegate: true
----------> Parent Classloader:
jdk.internal.loader.ClassLoaders$AppClassLoader@73d16e93

2025-08-01 00:48:06 DEBUG com.zaxxer.hikari.HikariConfig - HikariPool-1 - configuration:
2025-08-01 00:48:06 DEBUG com.zaxxer.hikari.HikariConfig - allowPoolSuspension.............false
2025-08-01 00:48:06 DEBUG com.zaxxer.hikari.HikariConfig - autoCommit......................true
2025-08-01 00:48:06 DEBUG com.zaxxer.hikari.HikariConfig - catalog.........................none
2025-08-01 00:48:06 DEBUG com.zaxxer.hikari.HikariConfig - connectionInitSql...............none
2025-08-01 00:48:06 DEBUG com.zaxxer.hikari.HikariConfig - connectionTestQuery.............none
2025-08-01 00:48:06 DEBUG com.zaxxer.hikari.HikariConfig - connectionTimeout...............30000
2025-08-01 00:48:06 DEBUG com.zaxxer.hikari.HikariConfig - dataSource......................none
2025-08-01 00:48:06 DEBUG com.zaxxer.hikari.HikariConfig - dataSourceClassName.............none
2025-08-01 00:48:06 DEBUG com.zaxxer.hikari.HikariConfig - dataSourceJNDI..................none
2025-08-01 00:48:06 DEBUG com.zaxxer.hikari.HikariConfig - dataSourceProperties............{password=<masked>}
2025-08-01 00:48:06 DEBUG com.zaxxer.hikari.HikariConfig - driverClassName................."com.mysql.cj.jdbc.Driver"
2025-08-01 00:48:06 DEBUG com.zaxxer.hikari.HikariConfig - exceptionOverrideClassName......none
2025-08-01 00:48:06 DEBUG com.zaxxer.hikari.HikariConfig - healthCheckProperties...........{}
2025-08-01 00:48:06 DEBUG com.zaxxer.hikari.HikariConfig - healthCheckRegistry.............none
2025-08-01 00:48:06 DEBUG com.zaxxer.hikari.HikariConfig - idleTimeout.....................600000
2025-08-01 00:48:06 DEBUG com.zaxxer.hikari.HikariConfig - initializationFailTimeout.......1
2025-08-01 00:48:06 DEBUG com.zaxxer.hikari.HikariConfig - isolateInternalQueries..........false
2025-08-01 00:48:06 DEBUG com.zaxxer.hikari.HikariConfig - jdbcUrl.........................jdbc:mysql://localhost:3306/doctorsdb?
2025-08-01 00:48:06 DEBUG com.zaxxer.hikari.HikariConfig - keepaliveTime...................0
2025-08-01 00:48:06 DEBUG com.zaxxer.hikari.HikariConfig - leakDetectionThreshold..........0
2025-08-01 00:48:06 DEBUG com.zaxxer.hikari.HikariConfig - maxLifetime.....................1800000
2025-08-01 00:48:06 DEBUG com.zaxxer.hikari.HikariConfig - maximumPoolSize.................10
2025-08-01 00:48:06 DEBUG com.zaxxer.hikari.HikariConfig - metricRegistry..................none
2025-08-01 00:48:06 DEBUG com.zaxxer.hikari.HikariConfig - metricsTrackerFactory...........none
2025-08-01 00:48:06 DEBUG com.zaxxer.hikari.HikariConfig - minimumIdle.....................10
2025-08-01 00:48:06 DEBUG com.zaxxer.hikari.HikariConfig - password........................<masked>
2025-08-01 00:48:06 DEBUG com.zaxxer.hikari.HikariConfig - poolName........................"HikariPool-1"
2025-08-01 00:48:06 DEBUG com.zaxxer.hikari.HikariConfig - readOnly........................false
2025-08-01 00:48:06 DEBUG com.zaxxer.hikari.HikariConfig - registerMbeans..................false
2025-08-01 00:48:06 DEBUG com.zaxxer.hikari.HikariConfig - scheduledExecutor...............none
2025-08-01 00:48:06 DEBUG com.zaxxer.hikari.HikariConfig - schema..........................none
2025-08-01 00:48:06 DEBUG com.zaxxer.hikari.HikariConfig - threadFactory...................internal
2025-08-01 00:48:06 DEBUG com.zaxxer.hikari.HikariConfig - transactionIsolation............default
2025-08-01 00:48:06 DEBUG com.zaxxer.hikari.HikariConfig - username........................"root"
2025-08-01 00:48:06 DEBUG com.zaxxer.hikari.HikariConfig - validationTimeout...............5000
2025-08-01 00:48:06 INFO  com.zaxxer.hikari.HikariDataSource - HikariPool-1 - Starting...
2025-08-01 00:48:06 INFO  com.zaxxer.hikari.pool.HikariPool - HikariPool-1 - Added connection com.mysql.cj.jdbc.ConnectionImpl@27dc81be
2025-08-01 00:48:06 INFO  com.zaxxer.hikari.HikariDataSource - HikariPool-1 - Start completed.
2025-08-01 00:48:06 DEBUG com.zaxxer.hikari.pool.HikariPool - HikariPool-1 - Pool stats (total=1, active=0, idle=1, waiting=0)
2025-08-01 00:48:06 DEBUG com.zaxxer.hikari.pool.HikariPool - HikariPool-1 - Added connection com.mysql.cj.jdbc.ConnectionImpl@2d1fe87f
2025-08-01 00:48:06 DEBUG com.zaxxer.hikari.pool.HikariPool - HikariPool-1 - After adding stats (total=2, active=0, idle=2, waiting=0)
2025-08-01 00:48:06 DEBUG com.zaxxer.hikari.pool.HikariPool - HikariPool-1 - Added connection com.mysql.cj.jdbc.ConnectionImpl@4d301730
2025-08-01 00:48:06 DEBUG com.zaxxer.hikari.pool.HikariPool - HikariPool-1 - After adding stats (total=3, active=0, idle=3, waiting=0)
2025-08-01 00:48:06 DEBUG com.zaxxer.hikari.pool.HikariPool - HikariPool-1 - Added connection com.mysql.cj.jdbc.ConnectionImpl@692c4e9c
2025-08-01 00:48:06 DEBUG com.zaxxer.hikari.pool.HikariPool - HikariPool-1 - After adding stats (total=4, active=0, idle=4, waiting=0)
2025-08-01 00:48:06 DEBUG com.zaxxer.hikari.pool.HikariPool - HikariPool-1 - Added connection com.mysql.cj.jdbc.ConnectionImpl@497e2eb9
2025-08-01 00:48:06 DEBUG com.zaxxer.hikari.pool.HikariPool - HikariPool-1 - After adding stats (total=5, active=0, idle=5, waiting=0)
2025-08-01 00:48:06 DEBUG com.zaxxer.hikari.pool.HikariPool - HikariPool-1 - Added connection com.mysql.cj.jdbc.ConnectionImpl@5a5c635d
2025-08-01 00:48:06 DEBUG com.zaxxer.hikari.pool.HikariPool - HikariPool-1 - After adding stats (total=6, active=0, idle=6, waiting=0)
2025-08-01 00:48:06 DEBUG com.zaxxer.hikari.pool.HikariPool - HikariPool-1 - Added connection com.mysql.cj.jdbc.ConnectionImpl@3704d2ce
2025-08-01 00:48:06 DEBUG com.zaxxer.hikari.pool.HikariPool - HikariPool-1 - After adding stats (total=7, active=0, idle=7, waiting=0)
2025-08-01 00:48:06 DEBUG com.zaxxer.hikari.pool.HikariPool - HikariPool-1 - Added connection com.mysql.cj.jdbc.ConnectionImpl@23a38092
2025-08-01 00:48:07 DEBUG com.zaxxer.hikari.pool.HikariPool - HikariPool-1 - After adding stats (total=8, active=0, idle=8, waiting=0)
2025-08-01 00:48:07 DEBUG com.zaxxer.hikari.pool.HikariPool - HikariPool-1 - Added connection com.mysql.cj.jdbc.ConnectionImpl@4d264d1
2025-08-01 00:48:07 DEBUG com.zaxxer.hikari.pool.HikariPool - HikariPool-1 - After adding stats (total=9, active=0, idle=9, waiting=0)
2025-08-01 00:48:07 DEBUG com.zaxxer.hikari.pool.HikariPool - HikariPool-1 - Added connection com.mysql.cj.jdbc.ConnectionImpl@431ed670
2025-08-01 00:48:07 DEBUG com.zaxxer.hikari.pool.HikariPool - HikariPool-1 - After adding stats (total=10, active=0, idle=10, waiting=0)
2025-08-01 00:48:36 DEBUG com.zaxxer.hikari.pool.HikariPool - HikariPool-1 - Pool stats (total=10, active=0, idle=10, waiting=0)
2025-08-01 00:48:36 DEBUG com.zaxxer.hikari.pool.HikariPool - HikariPool-1 - Fill pool skipped, pool has sufficient level or currently being filled.
2025-08-01 00:49:06 DEBUG com.zaxxer.hikari.pool.HikariPool - HikariPool-1 - Pool stats (total=10, active=0, idle=10, waiting=0)
2025-08-01 00:49:06 DEBUG com.zaxxer.hikari.pool.HikariPool - HikariPool-1 - Fill pool skipped, pool has sufficient level or currently being filled.
2025-08-01 00:49:36 DEBUG com.zaxxer.hikari.pool.HikariPool - HikariPool-1 - Pool stats (total=10, active=0, idle=10, waiting=0)
2025-08-01 00:49:36 DEBUG com.zaxxer.hikari.pool.HikariPool - HikariPool-1 - Fill pool skipped, pool has sufficient level or currently being filled.
2025-08-01 00:50:06 DEBUG com.zaxxer.hikari.pool.HikariPool - HikariPool-1 - Pool stats (total=10, active=0, idle=10, waiting=0)
2025-08-01 00:50:06 DEBUG com.zaxxer.hikari.pool.HikariPool - HikariPool-1 - Fill pool skipped, pool has sufficient level or currently being filled.
2025-08-01 00:50:36 DEBUG com.zaxxer.hikari.pool.HikariPool - HikariPool-1 - Pool stats (total=10, active=0, idle=10, waiting=0)
2025-08-01 00:50:36 DEBUG com.zaxxer.hikari.pool.HikariPool - HikariPool-1 - Fill pool skipped, pool has sufficient level or currently being filled.
2025-08-01 00:51:06 DEBUG com.zaxxer.hikari.pool.HikariPool - HikariPool-1 - Pool stats (total=10, active=0, idle=10, waiting=0)
2025-08-01 00:51:06 DEBUG com.zaxxer.hikari.pool.HikariPool - HikariPool-1 - Fill pool skipped, pool has sufficient level or currently being filled.
2025-08-01 00:51:36 DEBUG com.zaxxer.hikari.pool.HikariPool - HikariPool-1 - Pool stats (total=10, active=0, idle=10, waiting=0)
2025-08-01 00:51:36 DEBUG com.zaxxer.hikari.pool.HikariPool - HikariPool-1 - Fill pool skipped, pool has sufficient level or currently being filled.
